#
# A fatal error has been detected by the Java Runtime Environment:
#
#  SIGSEGV (0xb) at pc=0x00007f48fd05b17a, pid=6172, tid=139950551971584
#
# JRE version: OpenJDK Runtime Environment (7.0_79-b14) (build 1.7.0_79-b14)
# Java VM: OpenJDK 64-Bit Server VM (24.79-b02 mixed mode linux-amd64 compressed oops)
# Derivative: IcedTea 2.5.5
# Distribution: Ubuntu 14.04 LTS, package 7u79-2.5.5-0ubuntu0.14.04.2
# Problematic frame:
# v  ~BufferBlob::jni_fast_GetLongField
#
# Failed to write core dump. Core dumps have been disabled. To enable core dumping, try "ulimit -c unlimited" before starting Java again
#
# If you would like to submit a bug report, please include
# instructions on how to reproduce the bug and visit:
#   http://icedtea.classpath.org/bugzilla
# The crash happened outside the Java Virtual Machine in native code.
# See problematic frame for where to report the bug.
#

---------------  T H R E A D  ---------------

Current thread (0x00007f4900210800):  JavaThread "AWT-XAWT" daemon [_thread_in_native, id=6192, stack(0x00007f48c6dfb000,0x00007f48c6efc000)]

siginfo:si_signo=SIGSEGV: si_errno=0, si_code=1 (SEGV_MAPERR), si_addr=0x0000000000000000

Registers:
RAX=0x00007f490821f080, RBX=0x00007f49002109d8, RCX=0x00007f4908696320, RDX=0x0000000000000042
RSP=0x00007f48c6efa7f8, RBP=0x00007f48c6efa820, RSI=0x0000000000000000, RDI=0x00007f49002109d8
R8 =0x0000000000000003, R9 =0x0000000000000000, R10=0x000000000000000c, R11=0x00007f4907cbe2c0
R12=0x00007f48ac014640, R13=0x0000000000000000, R14=0x00007f48f46e9d80, R15=0x00007f4900210800
RIP=0x00007f48fd05b17a, EFLAGS=0x0000000000010246, CSGSFS=0x0000000000000033, ERR=0x0000000000000004
  TRAPNO=0x000000000000000e

Top of Stack: (sp=0x00007f48c6efa7f8)
0x00007f48c6efa7f8:   00007f48f44bb6f4 000000009bc2d3a0
0x00007f48c6efa808:   00007f48ac014640 000000009bc2d3a0
0x00007f48c6efa818:   00007f48c6efa908 0000000000000000
0x00007f48c6efa828:   00007f48efd2cae8 000000009bc2d3a0
0x00007f48c6efa838:   00007f48c6efa860 0000000000000000
0x00007f48c6efa848:   00007f48efd249a3 000000009bc2d3a0
0x00007f48c6efa858:   00007f48f44b020f 00007f48c6efa8d0
0x00007f48c6efa868:   00007f48fd0127f8 00007f48fd006233
0x00007f48c6efa878:   0000000000000000 00000000e203d378
0x00007f48c6efa888:   0000000000000000 00007f48c6efa890
0x00007f48c6efa898:   0000000000000000 00007f48c6efa908
0x00007f48c6efa8a8:   000000009bc33528 0000000000000000
0x00007f48c6efa8b8:   000000009bc2d3a0 0000000000000000
0x00007f48c6efa8c8:   00007f48c6efa8f0 00007f48c6efa950
0x00007f48c6efa8d8:   00007f48fd006350 00000000e1ff0638
0x00007f48c6efa8e8:   00007f48fd00ecc0 0000000000000000
0x00007f48c6efa8f8:   00007f48c6efa950 00007f48b4000db0
0x00007f48c6efa908:   00000000e2061660 00007f48c6efa910
0x00007f48c6efa918:   000000009bd82554 00007f48c6efa998
0x00007f48c6efa928:   000000009bd8f398 000000009c56e3a8
0x00007f48c6efa938:   000000009bd826e8 00007f48c6efa8f0
0x00007f48c6efa948:   00007f48c6efa990 00007f48c6efa9e0
0x00007f48c6efa958:   00007f48fd006058 0000000000000000
0x00007f48c6efa968:   00000000e22fb1c8 0000000000000000
0x00007f48c6efa978:   0000000000000000 0000000000000000
0x00007f48c6efa988:   00000000e2061660 0000000000000000
0x00007f48c6efa998:   00000000e203dd18 00007f48c6efa9a0
0x00007f48c6efa9a8:   000000009bd8234d 00007f48c6efa9f0
0x00007f48c6efa9b8:   000000009bd8f398 0000000000000000
0x00007f48c6efa9c8:   000000009bd82368 00007f48c6efa990
0x00007f48c6efa9d8:   00007f48c6efa9f0 00007f48c6efaa38
0x00007f48c6efa9e8:   00007f48fd006706 00000000e203dd18 

Instructions: (pc=0x00007f48fd05b17a)
0x00007f48fd05b15a:   00 00 00 00 00 00 44 8b 15 fd e6 1e 0b 4c 8b ce
0x00007f48fd05b16a:   41 f6 c2 01 0f 85 2e 00 00 00 4d 33 ca 4d 33 ca
0x00007f48fd05b17a:   4d 8b 09 4c 8b da 49 c1 eb 02 4b 8b 04 19 49 bb
0x00007f48fd05b18a:   64 98 24 08 49 7f 00 00 4c 33 d8 4c 33 d8 45 3b 

Register to memory mapping:

RAX=0x00007f490821f080: <offset 0xdbe080> in /usr/lib/jvm/java-7-openjdk-amd64/jre/lib/amd64/server/libjvm.so at 0x00007f4907461000
RBX=0x00007f49002109d8 is an unknown value
RCX=0x00007f4908696320: <offset 0x219320> in /lib/x86_64-linux-gnu/libpthread.so.0 at 0x00007f490847d000
RDX=0x0000000000000042 is an unknown value
RSP=0x00007f48c6efa7f8 is pointing into the stack for thread: 0x00007f4900210800
RBP=0x00007f48c6efa820 is pointing into the stack for thread: 0x00007f4900210800
RSI=0x0000000000000000 is an unknown value
RDI=0x00007f49002109d8 is an unknown value
R8 =0x0000000000000003 is an unknown value
R9 =0x0000000000000000 is an unknown value
R10=0x000000000000000c is an unknown value
R11=0x00007f4907cbe2c0: <offset 0x85d2c0> in /usr/lib/jvm/java-7-openjdk-amd64/jre/lib/amd64/server/libjvm.so at 0x00007f4907461000
R12=0x00007f48ac014640 is an unknown value
R13=0x0000000000000000 is an unknown value
R14=0x00007f48f46e9d80: <offset 0x24ad80> in /usr/lib/jvm/java-7-openjdk-amd64/jre/lib/amd64/xawt/libmawt.so at 0x00007f48f449f000
R15=0x00007f4900210800 is a thread


Stack: [0x00007f48c6dfb000,0x00007f48c6efc000],  sp=0x00007f48c6efa7f8,  free space=1021k
Native frames: (J=compiled Java code, j=interpreted, Vv=VM code, C=native code)
v  ~BufferBlob::jni_fast_GetLongField

Java frames: (J=compiled Java code, j=interpreted, Vv=VM code)
j  sun.awt.X11.XlibWrapper.XFilterEvent(JJ)Z+0
j  sun.awt.X11.XToolkit.run(Z)V+300
j  sun.awt.X11.XToolkit.run()V+5
j  java.lang.Thread.run()V+11
v  ~StubRoutines::call_stub

---------------  P R O C E S S  ---------------

Java Threads: ( => current thread )
  0x00007f48ac031800 JavaThread "TimerQueue" daemon [_thread_blocked, id=6195, stack(0x00007f48c6384000,0x00007f48c6485000)]
  0x00007f490000a000 JavaThread "DestroyJavaVM" [_thread_blocked, id=6177, stack(0x00007f4908f6e000,0x00007f490906f000)]
  0x00007f4900275800 JavaThread "AWT-EventQueue-0" [_thread_blocked, id=6194, stack(0x00007f48c6bf9000,0x00007f48c6cfa000)]
  0x00007f4900274800 JavaThread "AWT-Shutdown" [_thread_blocked, id=6193, stack(0x00007f48c6cfa000,0x00007f48c6dfb000)]
=>0x00007f4900210800 JavaThread "AWT-XAWT" daemon [_thread_in_native, id=6192, stack(0x00007f48c6dfb000,0x00007f48c6efc000)]
  0x00007f49001e7800 JavaThread "Java2D Disposer" daemon [_thread_blocked, id=6191, stack(0x00007f48ec03a000,0x00007f48ec13b000)]
  0x00007f49000af000 JavaThread "Service Thread" daemon [_thread_blocked, id=6188, stack(0x00007f48f4abd000,0x00007f48f4bbe000)]
  0x00007f49000ac800 JavaThread "C2 CompilerThread1" daemon [_thread_blocked, id=6187, stack(0x00007f48f4bbe000,0x00007f48f4cbf000)]
  0x00007f49000a9800 JavaThread "C2 CompilerThread0" daemon [_thread_blocked, id=6186, stack(0x00007f48f4cbf000,0x00007f48f4dc0000)]
  0x00007f49000a7800 JavaThread "Signal Dispatcher" daemon [_thread_blocked, id=6185, stack(0x00007f48fc0d5000,0x00007f48fc1d6000)]
  0x00007f490007b800 JavaThread "Finalizer" daemon [_thread_blocked, id=6184, stack(0x00007f48fc8f9000,0x00007f48fc9fa000)]
  0x00007f4900079800 JavaThread "Reference Handler" daemon [_thread_blocked, id=6183, stack(0x00007f48fc9fa000,0x00007f48fcafb000)]

Other Threads:
  0x00007f4900075800 VMThread [stack: 0x00007f48fcafb000,0x00007f48fcbfc000] [id=6182]
  0x00007f49000b9800 WatcherThread [stack: 0x00007f48f49bc000,0x00007f48f4abd000] [id=6189]

VM state:not at safepoint (normal execution)

VM Mutex/Monitor currently owned by a thread: None

Heap
 PSYoungGen      total 27136K, used 8026K [0x00000000e1f00000, 0x00000000e3d00000, 0x0000000100000000)
  eden space 23552K, 34% used [0x00000000e1f00000,0x00000000e26d68b8,0x00000000e3600000)
  from space 3584K, 0% used [0x00000000e3980000,0x00000000e3980000,0x00000000e3d00000)
  to   space 3584K, 0% used [0x00000000e3600000,0x00000000e3600000,0x00000000e3980000)
 ParOldGen       total 61440K, used 0K [0x00000000a5e00000, 0x00000000a9a00000, 0x00000000e1f00000)
  object space 61440K, 0% used [0x00000000a5e00000,0x00000000a5e00000,0x00000000a9a00000)
 PSPermGen       total 21504K, used 13763K [0x000000009b800000, 0x000000009cd00000, 0x00000000a5e00000)
  object space 21504K, 64% used [0x000000009b800000,0x000000009c570cc0,0x000000009cd00000)

Card table byte_map: [0x00007f490588f000,0x00007f4905bb4000] byte_map_base: 0x00007f49053b3000

Polling page: 0x00007f4909091000

Code Cache  [0x00007f48fd000000, 0x00007f48fd270000, 0x00007f4900000000)
 total_blobs=565 nmethods=78 adapters=441 free_code_cache=48507Kb largest_free_block=49643648

Compilation events (10 events):
Event: 73.902 Thread 0x00007f49000ac800 nmethod 73 0x00007f48fd0a2e90 code [0x00007f48fd0a2fe0, 0x00007f48fd0a3138]
Event: 73.903 Thread 0x00007f49000a9800 nmethod 71 0x00007f48fd09a210 code [0x00007f48fd09a3a0, 0x00007f48fd09a6b8]
Event: 278.523 Thread 0x00007f49000a9800   75             sun.awt.SunToolkit::awtUnlock (7 bytes)
Event: 278.523 Thread 0x00007f49000ac800   74             sun.awt.SunToolkit::awtLock (7 bytes)
Event: 278.525 Thread 0x00007f49000ac800 nmethod 74 0x00007f48fd099d90 code [0x00007f48fd099f00, 0x00007f48fd09a030]
Event: 278.528 Thread 0x00007f49000a9800 nmethod 75 0x00007f48fd099910 code [0x00007f48fd099a60, 0x00007f48fd099be8]
Event: 1248.641 Thread 0x00007f49000ac800   76             sun.awt.X11.XToolkit::getDisplay (4 bytes)
Event: 1248.641 Thread 0x00007f49000ac800 nmethod 76 0x00007f48fd099710 code [0x00007f48fd099840, 0x00007f48fd099898]
Event: 1380.795 Thread 0x00007f49000a9800   77             java.util.concurrent.locks.ReentrantLock$Sync::nonfairTryAcquire (67 bytes)
Event: 1380.797 Thread 0x00007f49000a9800 nmethod 77 0x00007f48fd0a2c10 code [0x00007f48fd0a2d40, 0x00007f48fd0a2e18]

GC Heap History (0 events):
No events

Deoptimization events (5 events):
Event: 0.515 Thread 0x00007f490000a000 Uncommon trap: reason=class_check action=maybe_recompile pc=0x00007f48fd084cd0 method=java.util.Properties$LineReader.readLine()I @ 62
Event: 0.517 Thread 0x00007f490000a000 Uncommon trap: reason=class_check action=maybe_recompile pc=0x00007f48fd084cd0 method=java.util.Properties$LineReader.readLine()I @ 62
Event: 0.519 Thread 0x00007f490000a000 Uncommon trap: reason=class_check action=maybe_recompile pc=0x00007f48fd084cd0 method=java.util.Properties$LineReader.readLine()I @ 62
Event: 0.519 Thread 0x00007f490000a000 Uncommon trap: reason=class_check action=maybe_recompile pc=0x00007f48fd084cd0 method=java.util.Properties$LineReader.readLine()I @ 62
Event: 21.072 Thread 0x00007f4900275800 Uncommon trap: reason=unreached action=reinterpret pc=0x00007f48fd089ea0 method=javax.swing.text.GlyphView.getBreakSpot(II)I @ 4

Internal exceptions (10 events):
Event: 21.012 Thread 0x00007f4900275800 Threw 0x00000000e25a1bb0 at /build/buildd/openjdk-7-7u79-2.5.5/build/openjdk/hotspot/src/share/vm/prims/jvm.cpp:1284
Event: 21.072 Thread 0x00007f4900275800 Implicit null exception at 0x00007f48fd089d86 to 0x00007f48fd089e8b
Event: 21.075 Thread 0x00007f4900275800 Threw 0x00000000e2645c80 at /build/buildd/openjdk-7-7u79-2.5.5/build/openjdk/hotspot/src/share/vm/prims/jvm.cpp:1284
Event: 21.077 Thread 0x00007f4900275800 Threw 0x00000000e264a010 at /build/buildd/openjdk-7-7u79-2.5.5/build/openjdk/hotspot/src/share/vm/prims/jvm.cpp:1284
Event: 21.078 Thread 0x00007f4900275800 Threw 0x00000000e264cdc8 at /build/buildd/openjdk-7-7u79-2.5.5/build/openjdk/hotspot/src/share/vm/prims/jvm.cpp:1284
Event: 21.078 Thread 0x00007f4900275800 Threw 0x00000000e264f7d8 at /build/buildd/openjdk-7-7u79-2.5.5/build/openjdk/hotspot/src/share/vm/prims/jvm.cpp:1284
Event: 21.079 Thread 0x00007f4900275800 Threw 0x00000000e26522d8 at /build/buildd/openjdk-7-7u79-2.5.5/build/openjdk/hotspot/src/share/vm/prims/jvm.cpp:1284
Event: 21.086 Thread 0x00007f4900275800 Threw 0x00000000e26650c0 at /build/buildd/openjdk-7-7u79-2.5.5/build/openjdk/hotspot/src/share/vm/prims/jvm.cpp:1284
Event: 21.088 Thread 0x00007f4900275800 Threw 0x00000000e2668fc0 at /build/buildd/openjdk-7-7u79-2.5.5/build/openjdk/hotspot/src/share/vm/prims/jvm.cpp:1284
Event: 21.089 Thread 0x00007f4900275800 Threw 0x00000000e266d100 at /build/buildd/openjdk-7-7u79-2.5.5/build/openjdk/hotspot/src/share/vm/prims/jvm.cpp:1284

Events (10 events):
Event: 21.198 loading class 0x00007f48d40419e0 done
Event: 21.198 loading class 0x00007f48d4042010
Event: 21.198 loading class 0x00007f48d4042010 done
Event: 21.198 loading class 0x00007f48d4041350 done
Event: 21.199 loading class 0x00007f48d4030660
Event: 21.199 loading class 0x00007f48d4030660 done
Event: 21.203 loading class 0x00007f48c804b060
Event: 21.203 loading class 0x00007f48c804b060 done
Event: 2189.147 loading class 0x00007f48d4007930
Event: 2189.147 loading class 0x00007f48d4007930 done


Dynamic libraries:
00400000-00401000 r-xp 00000000 08:08 815748                             /usr/lib/jvm/java-7-openjdk-amd64/jre/bin/java
00600000-00601000 r--p 00000000 08:08 815748                             /usr/lib/jvm/java-7-openjdk-amd64/jre/bin/java
00601000-00602000 rw-p 00001000 08:08 815748                             /usr/lib/jvm/java-7-openjdk-amd64/jre/bin/java
019a0000-019c1000 rw-p 00000000 00:00 0                                  [heap]
9b800000-9cd00000 rw-p 00000000 00:00 0 
9cd00000-a5e00000 rw-p 00000000 00:00 0 
a5e00000-a9a00000 rw-p 00000000 00:00 0 
a9a00000-e1f00000 rw-p 00000000 00:00 0 
e1f00000-e3d00000 rw-p 00000000 00:00 0 
e3d00000-100000000 rw-p 00000000 00:00 0 
7f48ac000000-7f48ac087000 rw-p 00000000 00:00 0 
7f48ac087000-7f48b0000000 ---p 00000000 00:00 0 
7f48b0000000-7f48b0021000 rw-p 00000000 00:00 0 
7f48b0021000-7f48b4000000 ---p 00000000 00:00 0 
7f48b4000000-7f48b4021000 rw-p 00000000 00:00 0 
7f48b4021000-7f48b8000000 ---p 00000000 00:00 0 
7f48b8000000-7f48b8021000 rw-p 00000000 00:00 0 
7f48b8021000-7f48bc000000 ---p 00000000 00:00 0 
7f48bc000000-7f48bc021000 rw-p 00000000 00:00 0 
7f48bc021000-7f48c0000000 ---p 00000000 00:00 0 
7f48c0000000-7f48c0021000 rw-p 00000000 00:00 0 
7f48c0021000-7f48c4000000 ---p 00000000 00:00 0 
7f48c619d000-7f48c6384000 rw-s 00000000 00:04 7733273                    /SYSV00000000 (deleted)
7f48c6384000-7f48c6387000 ---p 00000000 00:00 0 
7f48c6387000-7f48c6485000 rw-p 00000000 00:00 0                          [stack:6195]
7f48c657a000-7f48c658a000 r-xp 00000000 08:08 815799                     /usr/lib/jvm/java-7-openjdk-amd64/jre/lib/amd64/libnio.so
7f48c658a000-7f48c678a000 ---p 00010000 08:08 815799                     /usr/lib/jvm/java-7-openjdk-amd64/jre/lib/amd64/libnio.so
7f48c678a000-7f48c678b000 r--p 00010000 08:08 815799                     /usr/lib/jvm/java-7-openjdk-amd64/jre/lib/amd64/libnio.so
7f48c678b000-7f48c678c000 rw-p 00011000 08:08 815799                     /usr/lib/jvm/java-7-openjdk-amd64/jre/lib/amd64/libnio.so
7f48c678c000-7f48c67a3000 r-xp 00000000 08:08 815812                     /usr/lib/jvm/java-7-openjdk-amd64/jre/lib/amd64/libnet.so
7f48c67a3000-7f48c69a2000 ---p 00017000 08:08 815812                     /usr/lib/jvm/java-7-openjdk-amd64/jre/lib/amd64/libnet.so
7f48c69a2000-7f48c69a3000 r--p 00016000 08:08 815812                     /usr/lib/jvm/java-7-openjdk-amd64/jre/lib/amd64/libnet.so
7f48c69a3000-7f48c69a4000 rw-p 00017000 08:08 815812                     /usr/lib/jvm/java-7-openjdk-amd64/jre/lib/amd64/libnet.so
7f48c69a4000-7f48c69f6000 r-xp 00000000 08:08 815801                     /usr/lib/jvm/java-7-openjdk-amd64/jre/lib/amd64/libfontmanager.so
7f48c69f6000-7f48c6bf5000 ---p 00052000 08:08 815801                     /usr/lib/jvm/java-7-openjdk-amd64/jre/lib/amd64/libfontmanager.so
7f48c6bf5000-7f48c6bf8000 r--p 00051000 08:08 815801                     /usr/lib/jvm/java-7-openjdk-amd64/jre/lib/amd64/libfontmanager.so
7f48c6bf8000-7f48c6bf9000 rw-p 00054000 08:08 815801                     /usr/lib/jvm/java-7-openjdk-amd64/jre/lib/amd64/libfontmanager.so
7f48c6bf9000-7f48c6bfc000 ---p 00000000 00:00 0 
7f48c6bfc000-7f48c6cfa000 rw-p 00000000 00:00 0                          [stack:6194]
7f48c6cfa000-7f48c6cfd000 ---p 00000000 00:00 0 
7f48c6cfd000-7f48c6dfb000 rw-p 00000000 00:00 0                          [stack:6193]
7f48c6dfb000-7f48c6dfe000 ---p 00000000 00:00 0 
7f48c6dfe000-7f48c6efc000 rw-p 00000000 00:00 0                          [stack:6192]
7f48c6efc000-7f48c6f01000 r-xp 00000000 08:08 795902                     /usr/lib/x86_64-linux-gnu/libXfixes.so.3.1.0
7f48c6f01000-7f48c7100000 ---p 00005000 08:08 795902                     /usr/lib/x86_64-linux-gnu/libXfixes.so.3.1.0
7f48c7100000-7f48c7101000 r--p 00004000 08:08 795902                     /usr/lib/x86_64-linux-gnu/libXfixes.so.3.1.0
7f48c7101000-7f48c7102000 rw-p 00005000 08:08 795902                     /usr/lib/x86_64-linux-gnu/libXfixes.so.3.1.0
7f48c7102000-7f48c710b000 r-xp 00000000 08:08 795581                     /usr/lib/x86_64-linux-gnu/libXcursor.so.1.0.2
7f48c710b000-7f48c730a000 ---p 00009000 08:08 795581                     /usr/lib/x86_64-linux-gnu/libXcursor.so.1.0.2
7f48c730a000-7f48c730b000 r--p 00008000 08:08 795581                     /usr/lib/x86_64-linux-gnu/libXcursor.so.1.0.2
7f48c730b000-7f48c730c000 rw-p 00009000 08:08 795581                     /usr/lib/x86_64-linux-gnu/libXcursor.so.1.0.2
7f48c730c000-7f48c7310000 r-xp 00000000 08:08 1050953                    /lib/x86_64-linux-gnu/libgpg-error.so.0.10.0
7f48c7310000-7f48c750f000 ---p 00004000 08:08 1050953                    /lib/x86_64-linux-gnu/libgpg-error.so.0.10.0
7f48c750f000-7f48c7510000 r--p 00003000 08:08 1050953                    /lib/x86_64-linux-gnu/libgpg-error.so.0.10.0
7f48c7510000-7f48c7511000 rw-p 00004000 08:08 1050953                    /lib/x86_64-linux-gnu/libgpg-error.so.0.10.0
7f48c7511000-7f48c7513000 r-xp 00000000 08:08 1050963                    /lib/x86_64-linux-gnu/libkeyutils.so.1.4
7f48c7513000-7f48c7713000 ---p 00002000 08:08 1050963                    /lib/x86_64-linux-gnu/libkeyutils.so.1.4
7f48c7713000-7f48c7714000 r--p 00002000 08:08 1050963                    /lib/x86_64-linux-gnu/libkeyutils.so.1.4
7f48c7714000-7f48c7715000 rw-p 00003000 08:08 1050963                    /lib/x86_64-linux-gnu/libkeyutils.so.1.4
7f48c7715000-7f48c7752000 r-xp 00000000 08:08 1051023                    /lib/x86_64-linux-gnu/libpcre.so.3.13.1
7f48c7752000-7f48c7951000 ---p 0003d000 08:08 1051023                    /lib/x86_64-linux-gnu/libpcre.so.3.13.1
7f48c7951000-7f48c7952000 r--p 0003c000 08:08 1051023                    /lib/x86_64-linux-gnu/libpcre.so.3.13.1
7f48c7952000-7f48c7953000 rw-p 0003d000 08:08 1051023                    /lib/x86_64-linux-gnu/libpcre.so.3.13.1
7f48c7953000-7f48c7978000 r-xp 00000000 08:08 1051035                    /lib/x86_64-linux-gnu/libpng12.so.0.50.0
7f48c7978000-7f48c7b77000 ---p 00025000 08:08 1051035                    /lib/x86_64-linux-gnu/libpng12.so.0.50.0
7f48c7b77000-7f48c7b78000 r--p 00024000 08:08 1051035                    /lib/x86_64-linux-gnu/libpng12.so.0.50.0
7f48c7b78000-7f48c7b79000 rw-p 00025000 08:08 1051035                    /lib/x86_64-linux-gnu/libpng12.so.0.50.0
7f48c7b79000-7f48c7bbd000 r-xp 00000000 08:08 1064583                    /lib/x86_64-linux-gnu/libdbus-1.so.3.7.6
7f48c7bbd000-7f48c7dbc000 ---p 00044000 08:08 1064583                    /lib/x86_64-linux-gnu/libdbus-1.so.3.7.6
7f48c7dbc000-7f48c7dbd000 r--p 00043000 08:08 1064583                    /lib/x86_64-linux-gnu/libdbus-1.so.3.7.6
7f48c7dbd000-7f48c7dbe000 rw-p 00044000 08:08 1064583                    /lib/x86_64-linux-gnu/libdbus-1.so.3.7.6
7f48c7dbe000-7f48c7df9000 r-xp 00000000 08:08 796301                     /usr/lib/x86_64-linux-gnu/libp11-kit.so.0.0.0
7f48c7df9000-7f48c7ff8000 ---p 0003b000 08:08 796301                     /usr/lib/x86_64-linux-gnu/libp11-kit.so.0.0.0
7f48c7ff8000-7f48c7ffe000 r--p 0003a000 08:08 796301                     /usr/lib/x86_64-linux-gnu/libp11-kit.so.0.0.0
7f48c7ffe000-7f48c8000000 rw-p 00040000 08:08 796301                     /usr/lib/x86_64-linux-gnu/libp11-kit.so.0.0.0
7f48c8000000-7f48c80fc000 rw-p 00000000 00:00 0 
7f48c80fc000-7f48cc000000 ---p 00000000 00:00 0 
7f48cc000000-7f48cc021000 rw-p 00000000 00:00 0 
7f48cc021000-7f48d0000000 ---p 00000000 00:00 0 
7f48d0000000-7f48d0021000 rw-p 00000000 00:00 0 
7f48d0021000-7f48d4000000 ---p 00000000 00:00 0 
7f48d4000000-7f48d426e000 rw-p 00000000 00:00 0 
7f48d426e000-7f48d8000000 ---p 00000000 00:00 0 
7f48d8000000-7f48d8021000 rw-p 00000000 00:00 0 
7f48d8021000-7f48dc000000 ---p 00000000 00:00 0 
7f48dc000000-7f48dc021000 rw-p 00000000 00:00 0 
7f48dc021000-7f48e0000000 ---p 00000000 00:00 0 
7f48e0000000-7f48e0021000 rw-p 00000000 00:00 0 
7f48e0021000-7f48e4000000 ---p 00000000 00:00 0 
7f48e4000000-7f48e4021000 rw-p 00000000 00:00 0 
7f48e4021000-7f48e8000000 ---p 00000000 00:00 0 
7f48e8000000-7f48e8021000 rw-p 00000000 00:00 0 
7f48e8021000-7f48ec000000 ---p 00000000 00:00 0 
7f48ec03a000-7f48ec03d000 ---p 00000000 00:00 0 
7f48ec03d000-7f48ec13b000 rw-p 00000000 00:00 0                          [stack:6191]
7f48ec13b000-7f48ec14d000 r-xp 00000000 08:08 787668                     /usr/lib/x86_64-linux-gnu/libtasn1.so.6.2.0
7f48ec14d000-7f48ec34d000 ---p 00012000 08:08 787668                     /usr/lib/x86_64-linux-gnu/libtasn1.so.6.2.0
7f48ec34d000-7f48ec34e000 r--p 00012000 08:08 787668                     /usr/lib/x86_64-linux-gnu/libtasn1.so.6.2.0
7f48ec34e000-7f48ec34f000 rw-p 00013000 08:08 787668                     /usr/lib/x86_64-linux-gnu/libtasn1.so.6.2.0
7f48ec34f000-7f48ec3cb000 r-xp 00000000 08:08 1064577                    /lib/x86_64-linux-gnu/libgcrypt.so.11.8.2
7f48ec3cb000-7f48ec5cb000 ---p 0007c000 08:08 1064577                    /lib/x86_64-linux-gnu/libgcrypt.so.11.8.2
7f48ec5cb000-7f48ec5cc000 r--p 0007c000 08:08 1064577                    /lib/x86_64-linux-gnu/libgcrypt.so.11.8.2
7f48ec5cc000-7f48ec5cf000 rw-p 0007d000 08:08 1064577                    /lib/x86_64-linux-gnu/libgcrypt.so.11.8.2
7f48ec5cf000-7f48ec5d9000 r-xp 00000000 08:08 790155                     /usr/lib/x86_64-linux-gnu/libkrb5support.so.0.1
7f48ec5d9000-7f48ec7d8000 ---p 0000a000 08:08 790155                     /usr/lib/x86_64-linux-gnu/libkrb5support.so.0.1
7f48ec7d8000-7f48ec7d9000 r--p 00009000 08:08 790155                     /usr/lib/x86_64-linux-gnu/libkrb5support.so.0.1
7f48ec7d9000-7f48ec7da000 rw-p 0000a000 08:08 790155                     /usr/lib/x86_64-linux-gnu/libkrb5support.so.0.1
7f48ec7da000-7f48ec7dd000 r-xp 00000000 08:08 1050939                    /lib/x86_64-linux-gnu/libcom_err.so.2.1
7f48ec7dd000-7f48ec9dc000 ---p 00003000 08:08 1050939                    /lib/x86_64-linux-gnu/libcom_err.so.2.1
7f48ec9dc000-7f48ec9dd000 r--p 00002000 08:08 1050939                    /lib/x86_64-linux-gnu/libcom_err.so.2.1
7f48ec9dd000-7f48ec9de000 rw-p 00003000 08:08 1050939                    /lib/x86_64-linux-gnu/libcom_err.so.2.1
7f48ec9de000-7f48eca0a000 r-xp 00000000 08:08 790149                     /usr/lib/x86_64-linux-gnu/libk5crypto.so.3.1
7f48eca0a000-7f48ecc09000 ---p 0002c000 08:08 790149                     /usr/lib/x86_64-linux-gnu/libk5crypto.so.3.1
7f48ecc09000-7f48ecc0b000 r--p 0002b000 08:08 790149                     /usr/lib/x86_64-linux-gnu/libk5crypto.so.3.1
7f48ecc0b000-7f48ecc0c000 rw-p 0002d000 08:08 790149                     /usr/lib/x86_64-linux-gnu/libk5crypto.so.3.1
7f48ecc0c000-7f48ecc0d000 rw-p 00000000 00:00 0 
7f48ecc0d000-7f48eccc9000 r-xp 00000000 08:08 790153                     /usr/lib/x86_64-linux-gnu/libkrb5.so.3.3
7f48eccc9000-7f48ecec9000 ---p 000bc000 08:08 790153                     /usr/lib/x86_64-linux-gnu/libkrb5.so.3.3
7f48ecec9000-7f48eced6000 r--p 000bc000 08:08 790153                     /usr/lib/x86_64-linux-gnu/libkrb5.so.3.3
7f48eced6000-7f48eced8000 rw-p 000c9000 08:08 790153                     /usr/lib/x86_64-linux-gnu/libkrb5.so.3.3
7f48eced8000-7f48ecedd000 r-xp 00000000 08:08 795585                     /usr/lib/x86_64-linux-gnu/libXdmcp.so.6.0.0
7f48ecedd000-7f48ed0dc000 ---p 00005000 08:08 795585                     /usr/lib/x86_64-linux-gnu/libXdmcp.so.6.0.0
7f48ed0dc000-7f48ed0dd000 r--p 00004000 08:08 795585                     /usr/lib/x86_64-linux-gnu/libXdmcp.so.6.0.0
7f48ed0dd000-7f48ed0de000 rw-p 00005000 08:08 795585                     /usr/lib/x86_64-linux-gnu/libXdmcp.so.6.0.0
7f48ed0de000-7f48ed0e0000 r-xp 00000000 08:08 795574                     /usr/lib/x86_64-linux-gnu/libXau.so.6.0.0
7f48ed0e0000-7f48ed2e0000 ---p 00002000 08:08 795574                     /usr/lib/x86_64-linux-gnu/libXau.so.6.0.0
7f48ed2e0000-7f48ed2e1000 r--p 00002000 08:08 795574                     /usr/lib/x86_64-linux-gnu/libXau.so.6.0.0
7f48ed2e1000-7f48ed2e2000 rw-p 00003000 08:08 795574                     /usr/lib/x86_64-linux-gnu/libXau.so.6.0.0
7f48ed2e2000-7f48ed2e9000 r-xp 00000000 08:08 795852                     /usr/lib/x86_64-linux-gnu/libffi.so.6.0.1
7f48ed2e9000-7f48ed4e8000 ---p 00007000 08:08 795852                     /usr/lib/x86_64-linux-gnu/libffi.so.6.0.1
7f48ed4e8000-7f48ed4e9000 r--p 00006000 08:08 795852                     /usr/lib/x86_64-linux-gnu/libffi.so.6.0.1
7f48ed4e9000-7f48ed4ea000 rw-p 00007000 08:08 795852                     /usr/lib/x86_64-linux-gnu/libffi.so.6.0.1
7f48ed4ea000-7f48ed501000 r-xp 00000000 08:08 1050897                    /lib/x86_64-linux-gnu/libresolv-2.19.so
7f48ed501000-7f48ed701000 ---p 00017000 08:08 1050897                    /lib/x86_64-linux-gnu/libresolv-2.19.so
7f48ed701000-7f48ed702000 r--p 00017000 08:08 1050897                    /lib/x86_64-linux-gnu/libresolv-2.19.so
7f48ed702000-7f48ed703000 rw-p 00018000 08:08 1050897                    /lib/x86_64-linux-gnu/libresolv-2.19.so
7f48ed703000-7f48ed705000 rw-p 00000000 00:00 0 
7f48ed705000-7f48ed725000 r-xp 00000000 08:08 1051050                    /lib/x86_64-linux-gnu/libselinux.so.1
7f48ed725000-7f48ed924000 ---p 00020000 08:08 1051050                    /lib/x86_64-linux-gnu/libselinux.so.1
7f48ed924000-7f48ed925000 r--p 0001f000 08:08 1051050                    /lib/x86_64-linux-gnu/libselinux.so.1
7f48ed925000-7f48ed926000 rw-p 00020000 08:08 1051050                    /lib/x86_64-linux-gnu/libselinux.so.1
7f48ed926000-7f48ed928000 rw-p 00000000 00:00 0 
7f48ed928000-7f48eda2e000 r-xp 00000000 08:08 1050882                    /lib/x86_64-linux-gnu/libglib-2.0.so.0.4002.0
7f48eda2e000-7f48edc2d000 ---p 00106000 08:08 1050882                    /lib/x86_64-linux-gnu/libglib-2.0.so.0.4002.0
7f48edc2d000-7f48edc2e000 r--p 00105000 08:08 1050882                    /lib/x86_64-linux-gnu/libglib-2.0.so.0.4002.0
7f48edc2e000-7f48edc2f000 rw-p 00106000 08:08 1050882                    /lib/x86_64-linux-gnu/libglib-2.0.so.0.4002.0
7f48edc2f000-7f48edc30000 rw-p 00000000 00:00 0 
7f48edc30000-7f48edc33000 r-xp 00000000 08:08 787802                     /usr/lib/x86_64-linux-gnu/libgmodule-2.0.so.0.4002.0
7f48edc33000-7f48ede32000 ---p 00003000 08:08 787802                     /usr/lib/x86_64-linux-gnu/libgmodule-2.0.so.0.4002.0
7f48ede32000-7f48ede33000 r--p 00002000 08:08 787802                     /usr/lib/x86_64-linux-gnu/libgmodule-2.0.so.0.4002.0
7f48ede33000-7f48ede34000 rw-p 00003000 08:08 787802                     /usr/lib/x86_64-linux-gnu/libgmodule-2.0.so.0.4002.0
7f48ede34000-7f48ede5b000 r-xp 00000000 08:08 1050942                    /lib/x86_64-linux-gnu/libexpat.so.1.6.0
7f48ede5b000-7f48ee05b000 ---p 00027000 08:08 1050942                    /lib/x86_64-linux-gnu/libexpat.so.1.6.0
7f48ee05b000-7f48ee05d000 r--p 00027000 08:08 1050942                    /lib/x86_64-linux-gnu/libexpat.so.1.6.0
7f48ee05d000-7f48ee05e000 rw-p 00029000 08:08 1050942                    /lib/x86_64-linux-gnu/libexpat.so.1.6.0
7f48ee05e000-7f48ee0fb000 r-xp 00000000 08:08 787487                     /usr/lib/x86_64-linux-gnu/libfreetype.so.6.11.1
7f48ee0fb000-7f48ee2fa000 ---p 0009d000 08:08 787487                     /usr/lib/x86_64-linux-gnu/libfreetype.so.6.11.1
7f48ee2fa000-7f48ee300000 r--p 0009c000 08:08 787487                     /usr/lib/x86_64-linux-gnu/libfreetype.so.6.11.1
7f48ee300000-7f48ee301000 rw-p 000a2000 08:08 787487                     /usr/lib/x86_64-linux-gnu/libfreetype.so.6.11.1
7f48ee301000-7f48ee310000 r-xp 00000000 08:08 795678                     /usr/lib/x86_64-linux-gnu/libavahi-client.so.3.2.9
7f48ee310000-7f48ee510000 ---p 0000f000 08:08 795678                     /usr/lib/x86_64-linux-gnu/libavahi-client.so.3.2.9
7f48ee510000-7f48ee511000 r--p 0000f000 08:08 795678                     /usr/lib/x86_64-linux-gnu/libavahi-client.so.3.2.9
7f48ee511000-7f48ee512000 rw-p 00010000 08:08 795678                     /usr/lib/x86_64-linux-gnu/libavahi-client.so.3.2.9
7f48ee512000-7f48ee51d000 r-xp 00000000 08:08 795680                     /usr/lib/x86_64-linux-gnu/libavahi-common.so.3.5.3
7f48ee51d000-7f48ee71c000 ---p 0000b000 08:08 795680                     /usr/lib/x86_64-linux-gnu/libavahi-common.so.3.5.3
7f48ee71c000-7f48ee71d000 r--p 0000a000 08:08 795680                     /usr/lib/x86_64-linux-gnu/libavahi-common.so.3.5.3
7f48ee71d000-7f48ee71e000 rw-p 0000b000 08:08 795680                     /usr/lib/x86_64-linux-gnu/libavahi-common.so.3.5.3
7f48ee71e000-7f48ee7d4000 r-xp 00000000 08:08 791512                     /usr/lib/x86_64-linux-gnu/libgnutls.so.26.22.6
7f48ee7d4000-7f48ee9d4000 ---p 000b6000 08:08 791512                     /usr/lib/x86_64-linux-gnu/libgnutls.so.26.22.6
7f48ee9d4000-7f48ee9da000 r--p 000b6000 08:08 791512                     /usr/lib/x86_64-linux-gnu/libgnutls.so.26.22.6
7f48ee9da000-7f48ee9db000 rw-p 000bc000 08:08 791512                     /usr/lib/x86_64-linux-gnu/libgnutls.so.26.22.6
7f48ee9db000-7f48ee9dc000 rw-p 00000000 00:00 0 
7f48ee9dc000-7f48eea1f000 r-xp 00000000 08:08 790151                     /usr/lib/x86_64-linux-gnu/libgssapi_krb5.so.2.2
7f48eea1f000-7f48eec1f000 ---p 00043000 08:08 790151                     /usr/lib/x86_64-linux-gnu/libgssapi_krb5.so.2.2
7f48eec1f000-7f48eec20000 r--p 00043000 08:08 790151                     /usr/lib/x86_64-linux-gnu/libgssapi_krb5.so.2.2
7f48eec20000-7f48eec22000 rw-p 00044000 08:08 790151                     /usr/lib/x86_64-linux-gnu/libgssapi_krb5.so.2.2
7f48eec22000-7f48eec3f000 r-xp 00000000 08:08 796644                     /usr/lib/x86_64-linux-gnu/libxcb.so.1.1.0
7f48eec3f000-7f48eee3f000 ---p 0001d000 08:08 796644                     /usr/lib/x86_64-linux-gnu/libxcb.so.1.1.0
7f48eee3f000-7f48eee40000 r--p 0001d000 08:08 796644                     /usr/lib/x86_64-linux-gnu/libxcb.so.1.1.0
7f48eee40000-7f48eee41000 rw-p 0001e000 08:08 796644                     /usr/lib/x86_64-linux-gnu/libxcb.so.1.1.0
7f48eee41000-7f48eee90000 r-xp 00000000 08:08 787820                     /usr/lib/x86_64-linux-gnu/libgobject-2.0.so.0.4002.0
7f48eee90000-7f48ef090000 ---p 0004f000 08:08 787820                     /usr/lib/x86_64-linux-gnu/libgobject-2.0.so.0.4002.0
7f48ef090000-7f48ef091000 r--p 0004f000 08:08 787820                     /usr/lib/x86_64-linux-gnu/libgobject-2.0.so.0.4002.0
7f48ef091000-7f48ef092000 rw-p 00050000 08:08 787820                     /usr/lib/x86_64-linux-gnu/libgobject-2.0.so.0.4002.0
7f48ef092000-7f48ef1fe000 r-xp 00000000 08:08 787824                     /usr/lib/x86_64-linux-gnu/libgio-2.0.so.0.4002.0
7f48ef1fe000-7f48ef3fd000 ---p 0016c000 08:08 787824                     /usr/lib/x86_64-linux-gnu/libgio-2.0.so.0.4002.0
7f48ef3fd000-7f48ef401000 r--p 0016b000 08:08 787824                     /usr/lib/x86_64-linux-gnu/libgio-2.0.so.0.4002.0
7f48ef401000-7f48ef403000 rw-p 0016f000 08:08 787824                     /usr/lib/x86_64-linux-gnu/libgio-2.0.so.0.4002.0
7f48ef403000-7f48ef405000 rw-p 00000000 00:00 0 
7f48ef405000-7f48ef43f000 r-xp 00000000 08:08 795866                     /usr/lib/x86_64-linux-gnu/libfontconfig.so.1.8.0
7f48ef43f000-7f48ef63e000 ---p 0003a000 08:08 795866                     /usr/lib/x86_64-linux-gnu/libfontconfig.so.1.8.0
7f48ef63e000-7f48ef640000 r--p 00039000 08:08 795866                     /usr/lib/x86_64-linux-gnu/libfontconfig.so.1.8.0
7f48ef640000-7f48ef641000 rw-p 0003b000 08:08 795866                     /usr/lib/x86_64-linux-gnu/libfontconfig.so.1.8.0
7f48ef641000-7f48ef6ad000 r-xp 00000000 08:08 788107                     /usr/lib/x86_64-linux-gnu/libcups.so.2
7f48ef6ad000-7f48ef8ad000 ---p 0006c000 08:08 788107                     /usr/lib/x86_64-linux-gnu/libcups.so.2
7f48ef8ad000-7f48ef8b4000 r--p 0006c000 08:08 788107                     /usr/lib/x86_64-linux-gnu/libcups.so.2
7f48ef8b4000-7f48ef8b5000 rw-p 00073000 08:08 788107                     /usr/lib/x86_64-linux-gnu/libcups.so.2
7f48ef8b5000-7f48ef8c4000 r-xp 00000000 08:08 791379                     /usr/lib/x86_64-linux-gnu/libXi.so.6.1.0
7f48ef8c4000-7f48efac3000 ---p 0000f000 08:08 791379                     /usr/lib/x86_64-linux-gnu/libXi.so.6.1.0
7f48efac3000-7f48efac4000 r--p 0000e000 08:08 791379                     /usr/lib/x86_64-linux-gnu/libXi.so.6.1.0
7f48efac4000-7f48efac5000 rw-p 0000f000 08:08 791379                     /usr/lib/x86_64-linux-gnu/libXi.so.6.1.0
7f48efac5000-7f48efaca000 r-xp 00000000 08:08 795615                     /usr/lib/x86_64-linux-gnu/libXtst.so.6.1.0
7f48efaca000-7f48efcc9000 ---p 00005000 08:08 795615                     /usr/lib/x86_64-linux-gnu/libXtst.so.6.1.0
7f48efcc9000-7f48efcca000 r--p 00004000 08:08 795615                     /usr/lib/x86_64-linux-gnu/libXtst.so.6.1.0
7f48efcca000-7f48efccb000 rw-p 00005000 08:08 795615                     /usr/lib/x86_64-linux-gnu/libXtst.so.6.1.0
7f48efccb000-7f48efdfb000 r-xp 00000000 08:08 795570                     /usr/lib/x86_64-linux-gnu/libX11.so.6.3.0
7f48efdfb000-7f48efffb000 ---p 00130000 08:08 795570                     /usr/lib/x86_64-linux-gnu/libX11.so.6.3.0
7f48efffb000-7f48efffc000 r--p 00130000 08:08 795570                     /usr/lib/x86_64-linux-gnu/libX11.so.6.3.0
7f48efffc000-7f48f0000000 rw-p 00131000 08:08 795570                     /usr/lib/x86_64-linux-gnu/libX11.so.6.3.0
7f48f0000000-7f48f0021000 rw-p 00000000 00:00 0 
7f48f0021000-7f48f4000000 ---p 00000000 00:00 0 
7f48f4083000-7f48f408c000 r-xp 00000000 08:08 793779                     /usr/lib/x86_64-linux-gnu/libXrender.so.1.3.0
7f48f408c000-7f48f428b000 ---p 00009000 08:08 793779                     /usr/lib/x86_64-linux-gnu/libXrender.so.1.3.0
7f48f428b000-7f48f428c000 r--p 00008000 08:08 793779                     /usr/lib/x86_64-linux-gnu/libXrender.so.1.3.0
7f48f428c000-7f48f428d000 rw-p 00009000 08:08 793779                     /usr/lib/x86_64-linux-gnu/libXrender.so.1.3.0
7f48f428d000-7f48f429e000 r-xp 00000000 08:08 790173                     /usr/lib/x86_64-linux-gnu/libXext.so.6.4.0
7f48f429e000-7f48f449d000 ---p 00011000 08:08 790173                     /usr/lib/x86_64-linux-gnu/libXext.so.6.4.0
7f48f449d000-7f48f449e000 r--p 00010000 08:08 790173                     /usr/lib/x86_64-linux-gnu/libXext.so.6.4.0
7f48f449e000-7f48f449f000 rw-p 00011000 08:08 790173                     /usr/lib/x86_64-linux-gnu/libXext.so.6.4.0
7f48f449f000-7f48f44e7000 r-xp 00000000 08:08 808527                     /usr/lib/jvm/java-7-openjdk-amd64/jre/lib/amd64/xawt/libmawt.so
7f48f44e7000-7f48f46e6000 ---p 00048000 08:08 808527                     /usr/lib/jvm/java-7-openjdk-amd64/jre/lib/amd64/xawt/libmawt.so
7f48f46e6000-7f48f46e7000 r--p 00047000 08:08 808527                     /usr/lib/jvm/java-7-openjdk-amd64/jre/lib/amd64/xawt/libmawt.so
7f48f46e7000-7f48f46ea000 rw-p 00048000 08:08 808527                     /usr/lib/jvm/java-7-openjdk-amd64/jre/lib/amd64/xawt/libmawt.so
7f48f46ea000-7f48f46eb000 rw-p 00000000 00:00 0 
7f48f46eb000-7f48f478b000 r-xp 00000000 08:08 815784                     /usr/lib/jvm/java-7-openjdk-amd64/jre/lib/amd64/libawt.so
7f48f478b000-7f48f498b000 ---p 000a0000 08:08 815784                     /usr/lib/jvm/java-7-openjdk-amd64/jre/lib/amd64/libawt.so
7f48f498b000-7f48f498c000 r--p 000a0000 08:08 815784                     /usr/lib/jvm/java-7-openjdk-amd64/jre/lib/amd64/libawt.so
7f48f498c000-7f48f4997000 rw-p 000a1000 08:08 815784                     /usr/lib/jvm/java-7-openjdk-amd64/jre/lib/amd64/libawt.so
7f48f4997000-7f48f49bc000 rw-p 00000000 00:00 0 
7f48f49bc000-7f48f49bd000 ---p 00000000 00:00 0 
7f48f49bd000-7f48f4abd000 rw-p 00000000 00:00 0                          [stack:6189]
7f48f4abd000-7f48f4ac0000 ---p 00000000 00:00 0 
7f48f4ac0000-7f48f4bbe000 rw-p 00000000 00:00 0                          [stack:6188]
7f48f4bbe000-7f48f4bc1000 ---p 00000000 00:00 0 
7f48f4bc1000-7f48f4cbf000 rw-p 00000000 00:00 0                          [stack:6187]
7f48f4cbf000-7f48f4cc2000 ---p 00000000 00:00 0 
7f48f4cc2000-7f48f8000000 rw-p 00000000 00:00 0                          [stack:6186]
7f48f8000000-7f48f8021000 rw-p 00000000 00:00 0 
7f48f8021000-7f48fc000000 ---p 00000000 00:00 0 
7f48fc05d000-7f48fc061000 rw-s 00000000 00:04 7831575                    /SYSV00000000 (deleted)
7f48fc061000-7f48fc065000 rw-s 00000000 00:04 7798811                    /SYSV00000000 (deleted)
7f48fc065000-7f48fc077000 r--s 00000000 08:08 392679                     /usr/share/fonts/type1/gsfonts/n019004l.pfb
7f48fc077000-7f48fc090000 r--s 00000000 08:08 392715                     /usr/share/fonts/type1/gsfonts/n022004l.pfb
7f48fc090000-7f48fc0a9000 r--s 00000000 08:08 392700                     /usr/share/fonts/type1/gsfonts/n021003l.pfb
7f48fc0a9000-7f48fc0bf000 r--s 00000000 08:08 392709                     /usr/share/fonts/type1/gsfonts/n021024l.pfb
7f48fc0bf000-7f48fc0d5000 r--s 00000000 08:08 392718                     /usr/share/fonts/type1/gsfonts/n022023l.pfb
7f48fc0d5000-7f48fc0d8000 ---p 00000000 00:00 0 
7f48fc0d8000-7f48fc1d6000 rw-p 00000000 00:00 0                          [stack:6185]
7f48fc1d6000-7f48fc8f9000 r--p 00000000 08:08 793586                     /usr/lib/locale/locale-archive
7f48fc8f9000-7f48fc8fc000 ---p 00000000 00:00 0 
7f48fc8fc000-7f48fc9fa000 rw-p 00000000 00:00 0                          [stack:6184]
7f48fc9fa000-7f48fc9fd000 ---p 00000000 00:00 0 
7f48fc9fd000-7f48fcafb000 rw-p 00000000 00:00 0                          [stack:6183]
7f48fcafb000-7f48fcafc000 ---p 00000000 00:00 0 
7f48fcafc000-7f48fd000000 rw-p 00000000 00:00 0                          [stack:6182]
7f48fd000000-7f48fd270000 rwxp 00000000 00:00 0 
7f48fd270000-7f4900319000 rw-p 00000000 00:00 0 
7f4900319000-7f4904000000 ---p 00000000 00:00 0 
7f4904003000-7f490401a000 r--s 00000000 08:08 392706                     /usr/share/fonts/type1/gsfonts/n021023l.pfb
7f490401a000-7f490402b000 r--s 00000000 08:08 392682                     /usr/share/fonts/type1/gsfonts/n019023l.pfb
7f490402b000-7f490403f000 r--s 00000000 08:08 392676                     /usr/share/fonts/type1/gsfonts/n019003l.pfb
7f490403f000-7f4904c69000 rw-p 00000000 00:00 0 
7f4904c69000-7f4904e1a000 r--s 01d27000 08:08 815818                     /usr/lib/jvm/java-7-openjdk-amd64/jre/lib/rt.jar
7f4904e1a000-7f4905257000 rw-p 00000000 00:00 0 
7f4905257000-7f4905258000 ---p 00000000 00:00 0 
7f4905258000-7f4905358000 rw-p 00000000 00:00 0                          [stack:6181]
7f4905358000-7f4905359000 ---p 00000000 00:00 0 
7f4905359000-7f4905459000 rw-p 00000000 00:00 0                          [stack:6180]
7f4905459000-7f490545a000 ---p 00000000 00:00 0 
7f490545a000-7f490555a000 rw-p 00000000 00:00 0                          [stack:6179]
7f490555a000-7f490555b000 ---p 00000000 00:00 0 
7f490555b000-7f4905666000 rw-p 00000000 00:00 0                          [stack:6178]
7f4905666000-7f49056ae000 rw-p 00000000 00:00 0 
7f49056ae000-7f49056cc000 rw-p 00000000 00:00 0 
7f49056cc000-7f490588f000 rw-p 00000000 00:00 0 
7f490588f000-7f490589a000 rw-p 00000000 00:00 0 
7f490589a000-7f49058e2000 rw-p 00000000 00:00 0 
7f49058e2000-7f4905900000 rw-p 00000000 00:00 0 
7f4905900000-7f4905ac2000 rw-p 00000000 00:00 0 
7f4905ac2000-7f4905ad2000 rw-p 00000000 00:00 0 
7f4905ad2000-7f4905bb3000 rw-p 00000000 00:00 0 
7f4905bb3000-7f4905bb4000 rw-p 00000000 00:00 0 
7f4905bb4000-7f4905bbc000 r-xp 00000000 08:08 815795                     /usr/lib/jvm/java-7-openjdk-amd64/jre/lib/amd64/libzip.so
7f4905bbc000-7f4905dbb000 ---p 00008000 08:08 815795                     /usr/lib/jvm/java-7-openjdk-amd64/jre/lib/amd64/libzip.so
7f4905dbb000-7f4905dbc000 r--p 00007000 08:08 815795                     /usr/lib/jvm/java-7-openjdk-amd64/jre/lib/amd64/libzip.so
7f4905dbc000-7f4905dbd000 rw-p 00008000 08:08 815795                     /usr/lib/jvm/java-7-openjdk-amd64/jre/lib/amd64/libzip.so
7f4905dbd000-7f4905dc8000 r-xp 00000000 08:08 1050900                    /lib/x86_64-linux-gnu/libnss_files-2.19.so
7f4905dc8000-7f4905fc7000 ---p 0000b000 08:08 1050900                    /lib/x86_64-linux-gnu/libnss_files-2.19.so
7f4905fc7000-7f4905fc8000 r--p 0000a000 08:08 1050900                    /lib/x86_64-linux-gnu/libnss_files-2.19.so
7f4905fc8000-7f4905fc9000 rw-p 0000b000 08:08 1050900                    /lib/x86_64-linux-gnu/libnss_files-2.19.so
7f4905fc9000-7f4905fd4000 r-xp 00000000 08:08 1052976                    /lib/x86_64-linux-gnu/libnss_nis-2.19.so
7f4905fd4000-7f49061d3000 ---p 0000b000 08:08 1052976                    /lib/x86_64-linux-gnu/libnss_nis-2.19.so
7f49061d3000-7f49061d4000 r--p 0000a000 08:08 1052976                    /lib/x86_64-linux-gnu/libnss_nis-2.19.so
7f49061d4000-7f49061d5000 rw-p 0000b000 08:08 1052976                    /lib/x86_64-linux-gnu/libnss_nis-2.19.so
7f49061d5000-7f49061ec000 r-xp 00000000 08:08 1050998                    /lib/x86_64-linux-gnu/libnsl-2.19.so
7f49061ec000-7f49063eb000 ---p 00017000 08:08 1050998                    /lib/x86_64-linux-gnu/libnsl-2.19.so
7f49063eb000-7f49063ec000 r--p 00016000 08:08 1050998                    /lib/x86_64-linux-gnu/libnsl-2.19.so
7f49063ec000-7f49063ed000 rw-p 00017000 08:08 1050998                    /lib/x86_64-linux-gnu/libnsl-2.19.so
7f49063ed000-7f49063ef000 rw-p 00000000 00:00 0 
7f49063ef000-7f49063f8000 r-xp 00000000 08:08 1050997                    /lib/x86_64-linux-gnu/libnss_compat-2.19.so
7f49063f8000-7f49065f7000 ---p 00009000 08:08 1050997                    /lib/x86_64-linux-gnu/libnss_compat-2.19.so
7f49065f7000-7f49065f8000 r--p 00008000 08:08 1050997                    /lib/x86_64-linux-gnu/libnss_compat-2.19.so
7f49065f8000-7f49065f9000 rw-p 00009000 08:08 1050997                    /lib/x86_64-linux-gnu/libnss_compat-2.19.so
7f49065f9000-7f4906624000 r-xp 00000000 08:08 815811                     /usr/lib/jvm/java-7-openjdk-amd64/jre/lib/amd64/libjava.so
7f4906624000-7f4906824000 ---p 0002b000 08:08 815811                     /usr/lib/jvm/java-7-openjdk-amd64/jre/lib/amd64/libjava.so
7f4906824000-7f4906825000 r--p 0002b000 08:08 815811                     /usr/lib/jvm/java-7-openjdk-amd64/jre/lib/amd64/libjava.so
7f4906825000-7f4906827000 rw-p 0002c000 08:08 815811                     /usr/lib/jvm/java-7-openjdk-amd64/jre/lib/amd64/libjava.so
7f4906827000-7f4906837000 r-xp 00000000 08:08 815808                     /usr/lib/jvm/java-7-openjdk-amd64/jre/lib/amd64/libverify.so
7f4906837000-7f4906a36000 ---p 00010000 08:08 815808                     /usr/lib/jvm/java-7-openjdk-amd64/jre/lib/amd64/libverify.so
7f4906a36000-7f4906a38000 r--p 0000f000 08:08 815808                     /usr/lib/jvm/java-7-openjdk-amd64/jre/lib/amd64/libverify.so
7f4906a38000-7f4906a39000 rw-p 00011000 08:08 815808                     /usr/lib/jvm/java-7-openjdk-amd64/jre/lib/amd64/libverify.so
7f4906a39000-7f4906a40000 r-xp 00000000 08:08 1052964                    /lib/x86_64-linux-gnu/librt-2.19.so
7f4906a40000-7f4906c3f000 ---p 00007000 08:08 1052964                    /lib/x86_64-linux-gnu/librt-2.19.so
7f4906c3f000-7f4906c40000 r--p 00006000 08:08 1052964                    /lib/x86_64-linux-gnu/librt-2.19.so
7f4906c40000-7f4906c41000 rw-p 00007000 08:08 1052964                    /lib/x86_64-linux-gnu/librt-2.19.so
7f4906c41000-7f4906c57000 r-xp 00000000 08:08 1054993                    /lib/x86_64-linux-gnu/libgcc_s.so.1
7f4906c57000-7f4906e56000 ---p 00016000 08:08 1054993                    /lib/x86_64-linux-gnu/libgcc_s.so.1
7f4906e56000-7f4906e57000 rw-p 00015000 08:08 1054993                    /lib/x86_64-linux-gnu/libgcc_s.so.1
7f4906e57000-7f4906f5c000 r-xp 00000000 08:08 1050898                    /lib/x86_64-linux-gnu/libm-2.19.so
7f4906f5c000-7f490715b000 ---p 00105000 08:08 1050898                    /lib/x86_64-linux-gnu/libm-2.19.so
7f490715b000-7f490715c000 r--p 00104000 08:08 1050898                    /lib/x86_64-linux-gnu/libm-2.19.so
7f490715c000-7f490715d000 rw-p 00105000 08:08 1050898                    /lib/x86_64-linux-gnu/libm-2.19.so
7f490715d000-7f4907243000 r-xp 00000000 08:08 796480                     /usr/lib/x86_64-linux-gnu/libstdc++.so.6.0.19
7f4907243000-7f4907442000 ---p 000e6000 08:08 796480                     /usr/lib/x86_64-linux-gnu/libstdc++.so.6.0.19
7f4907442000-7f490744a000 r--p 000e5000 08:08 796480                     /usr/lib/x86_64-linux-gnu/libstdc++.so.6.0.19
7f490744a000-7f490744c000 rw-p 000ed000 08:08 796480                     /usr/lib/x86_64-linux-gnu/libstdc++.so.6.0.19
7f490744c000-7f4907461000 rw-p 00000000 00:00 0 
7f4907461000-7f4907f79000 r-xp 00000000 08:08 815816                     /usr/lib/jvm/java-7-openjdk-amd64/jre/lib/amd64/server/libjvm.so
7f4907f79000-7f4908179000 ---p 00b18000 08:08 815816                     /usr/lib/jvm/java-7-openjdk-amd64/jre/lib/amd64/server/libjvm.so
7f4908179000-7f4908213000 r--p 00b18000 08:08 815816                     /usr/lib/jvm/java-7-openjdk-amd64/jre/lib/amd64/server/libjvm.so
7f4908213000-7f4908236000 rw-p 00bb2000 08:08 815816                     /usr/lib/jvm/java-7-openjdk-amd64/jre/lib/amd64/server/libjvm.so
7f4908236000-7f4908264000 rw-p 00000000 00:00 0 
7f4908264000-7f490827c000 r-xp 00000000 08:08 1051083                    /lib/x86_64-linux-gnu/libz.so.1.2.8
7f490827c000-7f490847b000 ---p 00018000 08:08 1051083                    /lib/x86_64-linux-gnu/libz.so.1.2.8
7f490847b000-7f490847c000 r--p 00017000 08:08 1051083                    /lib/x86_64-linux-gnu/libz.so.1.2.8
7f490847c000-7f490847d000 rw-p 00018000 08:08 1051083                    /lib/x86_64-linux-gnu/libz.so.1.2.8
7f490847d000-7f4908496000 r-xp 00000000 08:08 1051064                    /lib/x86_64-linux-gnu/libpthread-2.19.so
7f4908496000-7f4908695000 ---p 00019000 08:08 1051064                    /lib/x86_64-linux-gnu/libpthread-2.19.so
7f4908695000-7f4908696000 r--p 00018000 08:08 1051064                    /lib/x86_64-linux-gnu/libpthread-2.19.so
7f4908696000-7f4908697000 rw-p 00019000 08:08 1051064                    /lib/x86_64-linux-gnu/libpthread-2.19.so
7f4908697000-7f490869b000 rw-p 00000000 00:00 0 
7f490869b000-7f490869e000 r-xp 00000000 08:08 1050971                    /lib/x86_64-linux-gnu/libdl-2.19.so
7f490869e000-7f490889d000 ---p 00003000 08:08 1050971                    /lib/x86_64-linux-gnu/libdl-2.19.so
7f490889d000-7f490889e000 r--p 00002000 08:08 1050971                    /lib/x86_64-linux-gnu/libdl-2.19.so
7f490889e000-7f490889f000 rw-p 00003000 08:08 1050971                    /lib/x86_64-linux-gnu/libdl-2.19.so
7f490889f000-7f4908a5a000 r-xp 00000000 08:08 1051063                    /lib/x86_64-linux-gnu/libc-2.19.so
7f4908a5a000-7f4908c59000 ---p 001bb000 08:08 1051063                    /lib/x86_64-linux-gnu/libc-2.19.so
7f4908c59000-7f4908c5d000 r--p 001ba000 08:08 1051063                    /lib/x86_64-linux-gnu/libc-2.19.so
7f4908c5d000-7f4908c5f000 rw-p 001be000 08:08 1051063                    /lib/x86_64-linux-gnu/libc-2.19.so
7f4908c5f000-7f4908c64000 rw-p 00000000 00:00 0 
7f4908c64000-7f4908c71000 r-xp 00000000 08:08 815787                     /usr/lib/jvm/java-7-openjdk-amd64/jre/lib/amd64/jli/libjli.so
7f4908c71000-7f4908e70000 ---p 0000d000 08:08 815787                     /usr/lib/jvm/java-7-openjdk-amd64/jre/lib/amd64/jli/libjli.so
7f4908e70000-7f4908e71000 r--p 0000c000 08:08 815787                     /usr/lib/jvm/java-7-openjdk-amd64/jre/lib/amd64/jli/libjli.so
7f4908e71000-7f4908e72000 rw-p 0000d000 08:08 815787                     /usr/lib/jvm/java-7-openjdk-amd64/jre/lib/amd64/jli/libjli.so
7f4908e72000-7f4908e95000 r-xp 00000000 08:08 1051041                    /lib/x86_64-linux-gnu/ld-2.19.so
7f4908e95000-7f4908e9a000 rw-s 00000000 00:04 7766042                    /SYSV00000000 (deleted)
7f4908e9a000-7f4908ea4000 r--s 00000000 08:08 392742                     /usr/share/fonts/type1/mathml/Symbol.pfb
7f4908ea4000-7f4908eae000 r--s 000ae000 08:08 815781                     /usr/lib/jvm/java-7-openjdk-amd64/jre/lib/resources.jar
7f4908eae000-7f4908eb8000 rw-p 00000000 00:00 0 
7f4908eb8000-7f4908f6e000 rw-p 00000000 00:00 0 
7f4908f6e000-7f4908f71000 ---p 00000000 00:00 0 
7f4908f71000-7f4909074000 rw-p 00000000 00:00 0                          [stack:6177]
7f4909075000-7f4909079000 r--s 0003c000 08:08 815823                     /usr/lib/jvm/java-7-openjdk-amd64/jre/lib/ext/sunpkcs11.jar
7f4909079000-7f490907c000 r--s 0000f000 08:08 815821                     /usr/lib/jvm/java-7-openjdk-amd64/jre/lib/ext/icedtea-sound.jar
7f490907c000-7f490907e000 r--s 00012000 08:08 815826                     /usr/lib/jvm/java-7-openjdk-amd64/jre/lib/ext/zipfs.jar
7f490907e000-7f490907f000 r--s 00002000 08:08 815822                     /usr/lib/jvm/java-7-openjdk-amd64/jre/lib/ext/dnsns.jar
7f490907f000-7f4909082000 r--s 00086000 08:08 815824                     /usr/lib/jvm/java-7-openjdk-amd64/jre/lib/ext/localedata.jar
7f4909082000-7f4909086000 r--s 00034000 08:08 815825                     /usr/lib/jvm/java-7-openjdk-amd64/jre/lib/ext/sunjce_provider.jar
7f4909086000-7f4909088000 r--s 00006000 08:08 151189                     /usr/share/java/java-atk-wrapper.jar
7f4909088000-7f4909090000 rw-s 00000000 08:08 1070103                    /tmp/hsperfdata_rakib/6172
7f4909090000-7f4909091000 rw-p 00000000 00:00 0 
7f4909091000-7f4909092000 r--p 00000000 00:00 0 
7f4909092000-7f4909094000 rw-p 00000000 00:00 0 
7f4909094000-7f4909095000 r--p 00022000 08:08 1051041                    /lib/x86_64-linux-gnu/ld-2.19.so
7f4909095000-7f4909096000 rw-p 00023000 08:08 1051041                    /lib/x86_64-linux-gnu/ld-2.19.so
7f4909096000-7f4909097000 rw-p 00000000 00:00 0 
7ffecf28a000-7ffecf2ab000 rw-p 00000000 00:00 0                          [stack]
7ffecf329000-7ffecf32b000 r-xp 00000000 00:00 0                          [vdso]
ffffffffff600000-ffffffffff601000 r-xp 00000000 00:00 0                  [vsyscall]

VM Arguments:
jvm_args: -Dfile.encoding=UTF-8 
java_command: survey.ui.SurveySI
Launcher Type: SUN_STANDARD

Environment Variables:
PATH=/usr/local/sbin:/usr/local/bin:/usr/sbin:/usr/bin:/sbin:/bin:/usr/games:/usr/local/games
LD_LIBRARY_PATH=/usr/lib/jvm/default-java/jre/lib/amd64:/usr/lib/jvm/default-java/jre/lib/i386:
SHELL=/bin/bash
DISPLAY=:0

Signal Handlers:
SIGSEGV: [libjvm.so+0x94b9a0], sa_mask[0]=0x7ffbfeff, sa_flags=0x10000004
SIGBUS: [libjvm.so+0x94b9a0], sa_mask[0]=0x7ffbfeff, sa_flags=0x10000004
SIGFPE: [libjvm.so+0x7c3880], sa_mask[0]=0x7ffbfeff, sa_flags=0x10000004
SIGPIPE: [libjvm.so+0x7c3880], sa_mask[0]=0x7ffbfeff, sa_flags=0x10000004
SIGXFSZ: [libjvm.so+0x7c3880], sa_mask[0]=0x7ffbfeff, sa_flags=0x10000004
SIGILL: [libjvm.so+0x7c3880], sa_mask[0]=0x7ffbfeff, sa_flags=0x10000004
SIGUSR1: SIG_DFL, sa_mask[0]=0x00000000, sa_flags=0x00000000
SIGUSR2: [libjvm.so+0x7c3720], sa_mask[0]=0x00000004, sa_flags=0x10000004
SIGHUP: [libjvm.so+0x7c3900], sa_mask[0]=0x7ffbfeff, sa_flags=0x10000004
SIGINT: SIG_IGN, sa_mask[0]=0x00000000, sa_flags=0x00000000
SIGTERM: [libjvm.so+0x7c3900], sa_mask[0]=0x7ffbfeff, sa_flags=0x10000004
SIGQUIT: [libjvm.so+0x7c3900], sa_mask[0]=0x7ffbfeff, sa_flags=0x10000004
SIGTRAP: SIG_DFL, sa_mask[0]=0x00000000, sa_flags=0x00000000


---------------  S Y S T E M  ---------------

OS:Ubuntu 14.04 (trusty)
uname:Linux 3.13.0-52-generic #86-Ubuntu SMP Mon May 4 04:32:59 UTC 2015 x86_64
libc:glibc 2.19 NPTL 2.19 
rlimit: STACK 8192k, CORE 0k, NPROC 45894, NOFILE 4096, AS infinity
load average:0.33 0.24 0.27

/proc/meminfo:
MemTotal:        5904496 kB
MemFree:         4203224 kB
Buffers:          255168 kB
Cached:           994308 kB
SwapCached:            0 kB
Active:           633356 kB
Inactive:         897368 kB
Active(anon):     282072 kB
Inactive(anon):   112900 kB
Active(file):     351284 kB
Inactive(file):   784468 kB
Unevictable:          64 kB
Mlocked:              64 kB
SwapTotal:       1998844 kB
SwapFree:        1998844 kB
Dirty:               708 kB
Writeback:             0 kB
AnonPages:        236136 kB
Mapped:           104500 kB
Shmem:            114160 kB
Slab:              95248 kB
SReclaimable:      59964 kB
SUnreclaim:        35284 kB
KernelStack:        2888 kB
PageTables:         9496 kB
NFS_Unstable:          0 kB
Bounce:                0 kB
WritebackTmp:          0 kB
CommitLimit:     4951092 kB
Committed_AS:    1720472 kB
VmallocTotal:   34359738367 kB
VmallocUsed:      551876 kB
VmallocChunk:   34359172988 kB
HardwareCorrupted:     0 kB
AnonHugePages:    329728 kB
HugePages_Total:       0
HugePages_Free:        0
HugePages_Rsvd:        0
HugePages_Surp:        0
Hugepagesize:       2048 kB
DirectMap4k:       68524 kB
DirectMap2M:     6014976 kB


CPU:total 4 (2 cores per cpu, 2 threads per core) family 6 model 37 stepping 5, cmov, cx8, fxsr, mmx, sse, sse2, sse3, ssse3, sse4.1, sse4.2, popcnt, ht, tsc, tscinvbit

/proc/cpuinfo:
processor	: 0
vendor_id	: GenuineIntel
cpu family	: 6
model		: 37
model name	: Intel(R) Core(TM) i3 CPU       M 380  @ 2.53GHz
stepping	: 5
microcode	: 0x2
cpu MHz		: 2533.000
cache size	: 3072 KB
physical id	: 0
siblings	: 4
core id		: 0
cpu cores	: 2
apicid		: 0
initial apicid	: 0
fpu		: yes
fpu_exception	: yes
cpuid level	: 11
wp		: yes
flags		: fpu vme de pse tsc msr pae mce cx8 apic sep mtrr pge mca cmov pat pse36 clflush dts acpi mmx fxsr sse sse2 ss ht tm pbe syscall nx rdtscp lm constant_tsc arch_perfmon pebs bts rep_good nopl xtopology nonstop_tsc aperfmperf pni dtes64 monitor ds_cpl vmx est tm2 ssse3 cx16 xtpr pdcm pcid sse4_1 sse4_2 popcnt lahf_lm arat dtherm tpr_shadow vnmi flexpriority ept vpid
bogomips	: 5054.01
clflush size	: 64
cache_alignment	: 64
address sizes	: 36 bits physical, 48 bits virtual
power management:

processor	: 1
vendor_id	: GenuineIntel
cpu family	: 6
model		: 37
model name	: Intel(R) Core(TM) i3 CPU       M 380  @ 2.53GHz
stepping	: 5
microcode	: 0x2
cpu MHz		: 2533.000
cache size	: 3072 KB
physical id	: 0
siblings	: 4
core id		: 2
cpu cores	: 2
apicid		: 4
initial apicid	: 4
fpu		: yes
fpu_exception	: yes
cpuid level	: 11
wp		: yes
flags		: fpu vme de pse tsc msr pae mce cx8 apic sep mtrr pge mca cmov pat pse36 clflush dts acpi mmx fxsr sse sse2 ss ht tm pbe syscall nx rdtscp lm constant_tsc arch_perfmon pebs bts rep_good nopl xtopology nonstop_tsc aperfmperf pni dtes64 monitor ds_cpl vmx est tm2 ssse3 cx16 xtpr pdcm pcid sse4_1 sse4_2 popcnt lahf_lm arat dtherm tpr_shadow vnmi flexpriority ept vpid
bogomips	: 5054.01
clflush size	: 64
cache_alignment	: 64
address sizes	: 36 bits physical, 48 bits virtual
power management:

processor	: 2
vendor_id	: GenuineIntel
cpu family	: 6
model		: 37
model name	: Intel(R) Core(TM) i3 CPU       M 380  @ 2.53GHz
stepping	: 5
microcode	: 0x2
cpu MHz		: 2533.000
cache size	: 3072 KB
physical id	: 0
siblings	: 4
core id		: 0
cpu cores	: 2
apicid		: 1
initial apicid	: 1
fpu		: yes
fpu_exception	: yes
cpuid level	: 11
wp		: yes
flags		: fpu vme de pse tsc msr pae mce cx8 apic sep mtrr pge mca cmov pat pse36 clflush dts acpi mmx fxsr sse sse2 ss ht tm pbe syscall nx rdtscp lm constant_tsc arch_perfmon pebs bts rep_good nopl xtopology nonstop_tsc aperfmperf pni dtes64 monitor ds_cpl vmx est tm2 ssse3 cx16 xtpr pdcm pcid sse4_1 sse4_2 popcnt lahf_lm arat dtherm tpr_shadow vnmi flexpriority ept vpid
bogomips	: 5054.01
clflush size	: 64
cache_alignment	: 64
address sizes	: 36 bits physical, 48 bits virtual
power management:

processor	: 3
vendor_id	: GenuineIntel
cpu family	: 6
model		: 37
model name	: Intel(R) Core(TM) i3 CPU       M 380  @ 2.53GHz
stepping	: 5
microcode	: 0x2
cpu MHz		: 2533.000
cache size	: 3072 KB
physical id	: 0
siblings	: 4
core id		: 2
cpu cores	: 2
apicid		: 5
initial apicid	: 5
fpu		: yes
fpu_exception	: yes
cpuid level	: 11
wp		: yes
flags		: fpu vme de pse tsc msr pae mce cx8 apic sep mtrr pge mca cmov pat pse36 clflush dts acpi mmx fxsr sse sse2 ss ht tm pbe syscall nx rdtscp lm constant_tsc arch_perfmon pebs bts rep_good nopl xtopology nonstop_tsc aperfmperf pni dtes64 monitor ds_cpl vmx est tm2 ssse3 cx16 xtpr pdcm pcid sse4_1 sse4_2 popcnt lahf_lm arat dtherm tpr_shadow vnmi flexpriority ept vpid
bogomips	: 5054.01
clflush size	: 64
cache_alignment	: 64
address sizes	: 36 bits physical, 48 bits virtual
power management:



Memory: 4k page, physical 5904496k(4247732k free), swap 1998844k(1998844k free)

vm_info: OpenJDK 64-Bit Server VM (24.79-b02) for linux-amd64 JRE (1.7.0_79-b14), built on Apr 16 2015 08:21:58 by "buildd" with gcc 4.8.2

time: Tue May 26 16:49:39 2015
elapsed time: 2190 seconds

